# JRE version: Java(TM) SE Runtime Environment (8.0_91-b15) (build 1.8.0_91-b15)
# Java VM: Java HotSpot(TM) 64-Bit Server VM (25.91-b15 mixed mode windows-amd64 compressed oops)
Heap:
 PSYoungGen      total 164352K, used 19128K [0x00000000eab00000, 0x00000000f6b80000, 0x0000000100000000)
  eden space 153088K, 12% used [0x00000000eab00000,0x00000000ebdae3d8,0x00000000f4080000)
  from space 11264K, 0% used [0x00000000f4b80000,0x00000000f4b80000,0x00000000f5680000)
  to   space 11264K, 0% used [0x00000000f4080000,0x00000000f4080000,0x00000000f4b80000)
 ParOldGen       total 50688K, used 17267K [0x00000000c0000000, 0x00000000c3180000, 0x00000000eab00000)
  object space 50688K, 34% used [0x00000000c0000000,0x00000000c10dcfb0,0x00000000c3180000)
 Metaspace       used 36097K, capacity 36646K, committed 36776K, reserved 1081344K
  class space    used 5269K, capacity 5470K, committed 5544K, reserved 1048576K
GC Heap History (10 events):
Event: 4.495 GC heap before
{Heap before GC invocations=8 (full 1):
 PSYoungGen      total 72704K, used 4244K [0x00000000eab00000, 0x00000000f3800000, 0x0000000100000000)
  eden space 64000K, 0% used [0x00000000eab00000,0x00000000eab00000,0x00000000ee980000)
  from space 8704K, 48% used [0x00000000ee980000,0x00000000eeda5180,0x00000000ef200000)
  to   space 8192K, 0% used [0x00000000f3000000,0x00000000f3000000,0x00000000f3800000)
 ParOldGen       total 44032K, used 9822K [0x00000000c0000000, 0x00000000c2b00000, 0x00000000eab00000)
  object space 44032K, 22% used [0x00000000c0000000,0x00000000c0997b18,0x00000000c2b00000)
 Metaspace       used 20848K, capacity 21110K, committed 21296K, reserved 1067008K
  class space    used 2978K, capacity 3111K, committed 3200K, reserved 1048576K
Event: 4.631 GC heap after
Heap after GC invocations=8 (full 1):
 PSYoungGen      total 72704K, used 0K [0x00000000eab00000, 0x00000000f3800000, 0x0000000100000000)
  eden space 64000K, 0% used [0x00000000eab00000,0x00000000eab00000,0x00000000ee980000)
  from space 8704K, 0% used [0x00000000ee980000,0x00000000ee980000,0x00000000ef200000)
  to   space 8192K, 0% used [0x00000000f3000000,0x00000000f3000000,0x00000000f3800000)
 ParOldGen       total 34816K, used 10045K [0x00000000c0000000, 0x00000000c2200000, 0x00000000eab00000)
  object space 34816K, 28% used [0x00000000c0000000,0x00000000c09cf758,0x00000000c2200000)
 Metaspace       used 20848K, capacity 21110K, committed 21296K, reserved 1067008K
  class space    used 2978K, capacity 3111K, committed 3200K, reserved 1048576K
}
Event: 6.083 GC heap before
{Heap before GC invocations=9 (full 1):
 PSYoungGen      total 72704K, used 64000K [0x00000000eab00000, 0x00000000f3800000, 0x0000000100000000)
  eden space 64000K, 100% used [0x00000000eab00000,0x00000000ee980000,0x00000000ee980000)
  from space 8704K, 0% used [0x00000000ee980000,0x00000000ee980000,0x00000000ef200000)
  to   space 8192K, 0% used [0x00000000f3000000,0x00000000f3000000,0x00000000f3800000)
 ParOldGen       total 34816K, used 10045K [0x00000000c0000000, 0x00000000c2200000, 0x00000000eab00000)
  object space 34816K, 28% used [0x00000000c0000000,0x00000000c09cf758,0x00000000c2200000)
 Metaspace       used 26353K, capacity 26658K, committed 26880K, reserved 1073152K
  class space    used 3694K, capacity 3804K, committed 3840K, reserved 1048576K
Event: 6.106 GC heap after
Heap after GC invocations=9 (full 1):
 PSYoungGen      total 116736K, used 7065K [0x00000000eab00000, 0x00000000f3700000, 0x0000000100000000)
  eden space 109568K, 0% used [0x00000000eab00000,0x00000000eab00000,0x00000000f1600000)
  from space 7168K, 98% used [0x00000000f3000000,0x00000000f36e66a8,0x00000000f3700000)
  to   space 8704K, 0% used [0x00000000f2600000,0x00000000f2600000,0x00000000f2e80000)
 ParOldGen       total 34816K, used 10045K [0x00000000c0000000, 0x00000000c2200000, 0x00000000eab00000)
  object space 34816K, 28% used [0x00000000c0000000,0x00000000c09cf758,0x00000000c2200000)
 Metaspace       used 26353K, capacity 26658K, committed 26880K, reserved 1073152K
  class space    used 3694K, capacity 3804K, committed 3840K, reserved 1048576K
}
Event: 8.040 GC heap before
{Heap before GC invocations=10 (full 1):
 PSYoungGen      total 116736K, used 116633K [0x00000000eab00000, 0x00000000f3700000, 0x0000000100000000)
  eden space 109568K, 100% used [0x00000000eab00000,0x00000000f1600000,0x00000000f1600000)
  from space 7168K, 98% used [0x00000000f3000000,0x00000000f36e66a8,0x00000000f3700000)
  to   space 8704K, 0% used [0x00000000f2600000,0x00000000f2600000,0x00000000f2e80000)
 ParOldGen       total 34816K, used 10045K [0x00000000c0000000, 0x00000000c2200000, 0x00000000eab00000)
  object space 34816K, 28% used [0x00000000c0000000,0x00000000c09cf758,0x00000000c2200000)
 Metaspace       used 32282K, capacity 32848K, committed 33024K, reserved 1077248K
  class space    used 4658K, capacity 4842K, committed 4864K, reserved 1048576K
Event: 8.073 GC heap after
Heap after GC invocations=10 (full 1):
 PSYoungGen      total 134656K, used 8684K [0x00000000eab00000, 0x00000000f5680000, 0x0000000100000000)
  eden space 125952K, 0% used [0x00000000eab00000,0x00000000eab00000,0x00000000f2600000)
  from space 8704K, 99% used [0x00000000f2600000,0x00000000f2e7b2c0,0x00000000f2e80000)
  to   space 11264K, 0% used [0x00000000f4b80000,0x00000000f4b80000,0x00000000f5680000)
 ParOldGen       total 34816K, used 12894K [0x00000000c0000000, 0x00000000c2200000, 0x00000000eab00000)
  object space 34816K, 37% used [0x00000000c0000000,0x00000000c0c97950,0x00000000c2200000)
 Metaspace       used 32282K, capacity 32848K, committed 33024K, reserved 1077248K
  class space    used 4658K, capacity 4842K, committed 4864K, reserved 1048576K
}
Event: 9.105 GC heap before
{Heap before GC invocations=11 (full 1):
 PSYoungGen      total 134656K, used 57380K [0x00000000eab00000, 0x00000000f5680000, 0x0000000100000000)
  eden space 125952K, 38% used [0x00000000eab00000,0x00000000eda8e110,0x00000000f2600000)
  from space 8704K, 99% used [0x00000000f2600000,0x00000000f2e7b2c0,0x00000000f2e80000)
  to   space 11264K, 0% used [0x00000000f4b80000,0x00000000f4b80000,0x00000000f5680000)
 ParOldGen       total 34816K, used 12894K [0x00000000c0000000, 0x00000000c2200000, 0x00000000eab00000)
  object space 34816K, 37% used [0x00000000c0000000,0x00000000c0c97950,0x00000000c2200000)
 Metaspace       used 34841K, capacity 35430K, committed 35496K, reserved 1079296K
  class space    used 5088K, capacity 5278K, committed 5288K, reserved 1048576K
Event: 9.145 GC heap after
Heap after GC invocations=11 (full 1):
 PSYoungGen      total 164352K, used 7703K [0x00000000eab00000, 0x00000000f6b80000, 0x0000000100000000)
  eden space 153088K, 0% used [0x00000000eab00000,0x00000000eab00000,0x00000000f4080000)
  from space 11264K, 68% used [0x00000000f4b80000,0x00000000f5305d28,0x00000000f5680000)
  to   space 11264K, 0% used [0x00000000f4080000,0x00000000f4080000,0x00000000f4b80000)
 ParOldGen       total 34816K, used 15958K [0x00000000c0000000, 0x00000000c2200000, 0x00000000eab00000)
  object space 34816K, 45% used [0x00000000c0000000,0x00000000c0f95a00,0x00000000c2200000)
 Metaspace       used 34841K, capacity 35430K, committed 35496K, reserved 1079296K
  class space    used 5088K, capacity 5278K, committed 5288K, reserved 1048576K
}
Event: 9.145 GC heap before
{Heap before GC invocations=12 (full 2):
 PSYoungGen      total 164352K, used 7703K [0x00000000eab00000, 0x00000000f6b80000, 0x0000000100000000)
  eden space 153088K, 0% used [0x00000000eab00000,0x00000000eab00000,0x00000000f4080000)
  from space 11264K, 68% used [0x00000000f4b80000,0x00000000f5305d28,0x00000000f5680000)
  to   space 11264K, 0% used [0x00000000f4080000,0x00000000f4080000,0x00000000f4b80000)
 ParOldGen       total 34816K, used 15958K [0x00000000c0000000, 0x00000000c2200000, 0x00000000eab00000)
  object space 34816K, 45% used [0x00000000c0000000,0x00000000c0f95a00,0x00000000c2200000)
 Metaspace       used 34841K, capacity 35430K, committed 35496K, reserved 1079296K
  class space    used 5088K, capacity 5278K, committed 5288K, reserved 1048576K
Event: 9.309 GC heap after
Heap after GC invocations=12 (full 2):
 PSYoungGen      total 164352K, used 0K [0x00000000eab00000, 0x00000000f6b80000, 0x0000000100000000)
  eden space 153088K, 0% used [0x00000000eab00000,0x00000000eab00000,0x00000000f4080000)
  from space 11264K, 0% used [0x00000000f4b80000,0x00000000f4b80000,0x00000000f5680000)
  to   space 11264K, 0% used [0x00000000f4080000,0x00000000f4080000,0x00000000f4b80000)
 ParOldGen       total 50688K, used 17267K [0x00000000c0000000, 0x00000000c3180000, 0x00000000eab00000)
  object space 50688K, 34% used [0x00000000c0000000,0x00000000c10dcfb0,0x00000000c3180000)
 Metaspace       used 34841K, capacity 35430K, committed 35496K, reserved 1079296K
  class space    used 5088K, capacity 5278K, committed 5288K, reserved 1048576K
}

