# JRE version: Java(TM) SE Runtime Environment (8.0_91-b15) (build 1.8.0_91-b15)
# Java VM: Java HotSpot(TM) 64-Bit Server VM (25.91-b15 mixed mode windows-amd64 compressed oops)
Heap:
 PSYoungGen      total 137216K, used 57751K [0x00000000eab00000, 0x00000000f4a80000, 0x0000000100000000)
  eden space 127488K, 37% used [0x00000000eab00000,0x00000000ed9ed948,0x00000000f2780000)
  from space 9728K, 99% used [0x00000000f4100000,0x00000000f4a782f0,0x00000000f4a80000)
  to   space 10752K, 0% used [0x00000000f3580000,0x00000000f3580000,0x00000000f4000000)
 ParOldGen       total 48128K, used 16428K [0x00000000c0000000, 0x00000000c2f00000, 0x00000000eab00000)
  object space 48128K, 34% used [0x00000000c0000000,0x00000000c100b1b8,0x00000000c2f00000)
 Metaspace       used 40136K, capacity 40708K, committed 40960K, reserved 1085440K
  class space    used 5676K, capacity 5871K, committed 5888K, reserved 1048576K
GC Heap History (10 events):
Event: 13.799 GC heap before
{Heap before GC invocations=10 (full 1):
 PSYoungGen      total 72192K, used 64512K [0x00000000eab00000, 0x00000000ef900000, 0x0000000100000000)
  eden space 64512K, 100% used [0x00000000eab00000,0x00000000eea00000,0x00000000eea00000)
  from space 7680K, 0% used [0x00000000ef180000,0x00000000ef180000,0x00000000ef900000)
  to   space 7680K, 0% used [0x00000000eea00000,0x00000000eea00000,0x00000000ef180000)
 ParOldGen       total 29184K, used 7080K [0x00000000c0000000, 0x00000000c1c80000, 0x00000000eab00000)
  object space 29184K, 24% used [0x00000000c0000000,0x00000000c06ea3e0,0x00000000c1c80000)
 Metaspace       used 28309K, capacity 28672K, committed 28928K, reserved 1075200K
  class space    used 3857K, capacity 3984K, committed 4096K, reserved 1048576K
Event: 13.822 GC heap after
Heap after GC invocations=10 (full 1):
 PSYoungGen      total 72192K, used 7664K [0x00000000eab00000, 0x00000000f1b80000, 0x0000000100000000)
  eden space 64512K, 0% used [0x00000000eab00000,0x00000000eab00000,0x00000000eea00000)
  from space 7680K, 99% used [0x00000000eea00000,0x00000000ef17c2c8,0x00000000ef180000)
  to   space 8704K, 0% used [0x00000000f1300000,0x00000000f1300000,0x00000000f1b80000)
 ParOldGen       total 29184K, used 7417K [0x00000000c0000000, 0x00000000c1c80000, 0x00000000eab00000)
  object space 29184K, 25% used [0x00000000c0000000,0x00000000c073e478,0x00000000c1c80000)
 Metaspace       used 28309K, capacity 28672K, committed 28928K, reserved 1075200K
  class space    used 3857K, capacity 3984K, committed 4096K, reserved 1048576K
}
Event: 15.463 GC heap before
{Heap before GC invocations=11 (full 1):
 PSYoungGen      total 72192K, used 72176K [0x00000000eab00000, 0x00000000f1b80000, 0x0000000100000000)
  eden space 64512K, 100% used [0x00000000eab00000,0x00000000eea00000,0x00000000eea00000)
  from space 7680K, 99% used [0x00000000eea00000,0x00000000ef17c2c8,0x00000000ef180000)
  to   space 8704K, 0% used [0x00000000f1300000,0x00000000f1300000,0x00000000f1b80000)
 ParOldGen       total 29184K, used 7417K [0x00000000c0000000, 0x00000000c1c80000, 0x00000000eab00000)
  object space 29184K, 25% used [0x00000000c0000000,0x00000000c073e478,0x00000000c1c80000)
 Metaspace       used 31599K, capacity 32106K, committed 32384K, reserved 1077248K
  class space    used 4421K, capacity 4614K, committed 4736K, reserved 1048576K
Event: 15.483 GC heap after
Heap after GC invocations=11 (full 1):
 PSYoungGen      total 105472K, used 8655K [0x00000000eab00000, 0x00000000f1c80000, 0x0000000100000000)
  eden space 96768K, 0% used [0x00000000eab00000,0x00000000eab00000,0x00000000f0980000)
  from space 8704K, 99% used [0x00000000f1300000,0x00000000f1b73e58,0x00000000f1b80000)
  to   space 9728K, 0% used [0x00000000f0980000,0x00000000f0980000,0x00000000f1300000)
 ParOldGen       total 29184K, used 7425K [0x00000000c0000000, 0x00000000c1c80000, 0x00000000eab00000)
  object space 29184K, 25% used [0x00000000c0000000,0x00000000c0740478,0x00000000c1c80000)
 Metaspace       used 31599K, capacity 32106K, committed 32384K, reserved 1077248K
  class space    used 4421K, capacity 4614K, committed 4736K, reserved 1048576K
}
Event: 17.242 GC heap before
{Heap before GC invocations=12 (full 1):
 PSYoungGen      total 105472K, used 71412K [0x00000000eab00000, 0x00000000f1c80000, 0x0000000100000000)
  eden space 96768K, 64% used [0x00000000eab00000,0x00000000ee849250,0x00000000f0980000)
  from space 8704K, 99% used [0x00000000f1300000,0x00000000f1b73e58,0x00000000f1b80000)
  to   space 9728K, 0% used [0x00000000f0980000,0x00000000f0980000,0x00000000f1300000)
 ParOldGen       total 29184K, used 7425K [0x00000000c0000000, 0x00000000c1c80000, 0x00000000eab00000)
  object space 29184K, 25% used [0x00000000c0000000,0x00000000c0740478,0x00000000c1c80000)
 Metaspace       used 34914K, capacity 35400K, committed 35496K, reserved 1079296K
  class space    used 4931K, capacity 5112K, committed 5120K, reserved 1048576K
Event: 17.277 GC heap after
Heap after GC invocations=12 (full 1):
 PSYoungGen      total 106496K, used 4486K [0x00000000eab00000, 0x00000000f4a80000, 0x0000000100000000)
  eden space 96768K, 0% used [0x00000000eab00000,0x00000000eab00000,0x00000000f0980000)
  from space 9728K, 46% used [0x00000000f0980000,0x00000000f0de18a0,0x00000000f1300000)
  to   space 9728K, 0% used [0x00000000f4100000,0x00000000f4100000,0x00000000f4a80000)
 ParOldGen       total 29184K, used 12913K [0x00000000c0000000, 0x00000000c1c80000, 0x00000000eab00000)
  object space 29184K, 44% used [0x00000000c0000000,0x00000000c0c9c5a8,0x00000000c1c80000)
 Metaspace       used 34914K, capacity 35400K, committed 35496K, reserved 1079296K
  class space    used 4931K, capacity 5112K, committed 5120K, reserved 1048576K
}
Event: 17.277 GC heap before
{Heap before GC invocations=13 (full 2):
 PSYoungGen      total 106496K, used 4486K [0x00000000eab00000, 0x00000000f4a80000, 0x0000000100000000)
  eden space 96768K, 0% used [0x00000000eab00000,0x00000000eab00000,0x00000000f0980000)
  from space 9728K, 46% used [0x00000000f0980000,0x00000000f0de18a0,0x00000000f1300000)
  to   space 9728K, 0% used [0x00000000f4100000,0x00000000f4100000,0x00000000f4a80000)
 ParOldGen       total 29184K, used 12913K [0x00000000c0000000, 0x00000000c1c80000, 0x00000000eab00000)
  object space 29184K, 44% used [0x00000000c0000000,0x00000000c0c9c5a8,0x00000000c1c80000)
 Metaspace       used 34914K, capacity 35400K, committed 35496K, reserved 1079296K
  class space    used 4931K, capacity 5112K, committed 5120K, reserved 1048576K
Event: 17.490 GC heap after
Heap after GC invocations=13 (full 2):
 PSYoungGen      total 106496K, used 0K [0x00000000eab00000, 0x00000000f4a80000, 0x0000000100000000)
  eden space 96768K, 0% used [0x00000000eab00000,0x00000000eab00000,0x00000000f0980000)
  from space 9728K, 0% used [0x00000000f0980000,0x00000000f0980000,0x00000000f1300000)
  to   space 9728K, 0% used [0x00000000f4100000,0x00000000f4100000,0x00000000f4a80000)
 ParOldGen       total 48128K, used 16394K [0x00000000c0000000, 0x00000000c2f00000, 0x00000000eab00000)
  object space 48128K, 34% used [0x00000000c0000000,0x00000000c1002988,0x00000000c2f00000)
 Metaspace       used 34879K, capacity 35356K, committed 35496K, reserved 1079296K
  class space    used 4920K, capacity 5100K, committed 5120K, reserved 1048576K
}
Event: 21.659 GC heap before
{Heap before GC invocations=14 (full 2):
 PSYoungGen      total 106496K, used 96768K [0x00000000eab00000, 0x00000000f4a80000, 0x0000000100000000)
  eden space 96768K, 100% used [0x00000000eab00000,0x00000000f0980000,0x00000000f0980000)
  from space 9728K, 0% used [0x00000000f0980000,0x00000000f0980000,0x00000000f1300000)
  to   space 9728K, 0% used [0x00000000f4100000,0x00000000f4100000,0x00000000f4a80000)
 ParOldGen       total 48128K, used 16394K [0x00000000c0000000, 0x00000000c2f00000, 0x00000000eab00000)
  object space 48128K, 34% used [0x00000000c0000000,0x00000000c1002988,0x00000000c2f00000)
 Metaspace       used 40038K, capacity 40638K, committed 40704K, reserved 1083392K
  class space    used 5675K, capacity 5870K, committed 5888K, reserved 1048576K
Event: 21.694 GC heap after
Heap after GC invocations=14 (full 2):
 PSYoungGen      total 137216K, used 9696K [0x00000000eab00000, 0x00000000f4a80000, 0x0000000100000000)
  eden space 127488K, 0% used [0x00000000eab00000,0x00000000eab00000,0x00000000f2780000)
  from space 9728K, 99% used [0x00000000f4100000,0x00000000f4a782f0,0x00000000f4a80000)
  to   space 10752K, 0% used [0x00000000f3580000,0x00000000f3580000,0x00000000f4000000)
 ParOldGen       total 48128K, used 16428K [0x00000000c0000000, 0x00000000c2f00000, 0x00000000eab00000)
  object space 48128K, 34% used [0x00000000c0000000,0x00000000c100b1b8,0x00000000c2f00000)
 Metaspace       used 40038K, capacity 40638K, committed 40704K, reserved 1083392K
  class space    used 5675K, capacity 5870K, committed 5888K, reserved 1048576K
}

